<?xml version="1.0" encoding="UTF-8"?>
<!-- Generated by org.testng.reporters.JUnitXMLReporter -->
<testsuite hostname="Sunil" name="Default test" tests="3" failures="0" timestamp="28 Jul 2017 01:55:31 GMT" time="0.396" errors="0">
  <testcase name="test1" time="0.005" classname="com.org.hybrid.sessionsuite.ChangePassword"/>
  <testcase name="test2" time="0.001" classname="com.org.hybrid.sessionsuite.ChangePassword"/>
  <testcase name="test3" time="0.001" classname="com.org.hybrid.sessionsuite.ChangePassword"/>
</testsuite> <!-- Default test -->
