<?xml version="1.0" encoding="UTF-8"?>
<testng-results skipped="0" failed="0" total="1" passed="1">
  <reporter-output>
  </reporter-output>
  <suite name="Default suite" duration-ms="24005" started-at="2017-12-20T03:33:16Z" finished-at="2017-12-20T03:33:40Z">
    <groups>
    </groups>
    <test name="Default test" duration-ms="24005" started-at="2017-12-20T03:33:16Z" finished-at="2017-12-20T03:33:40Z">
      <class name="com.selenium.Webdriver.GetAllLinksTest">
        <test-method status="PASS" signature="gettest()[pri:0, instance:com.selenium.Webdriver.GetAllLinksTest@11531931]" name="gettest" duration-ms="23987" started-at="2017-12-20T09:03:16Z" finished-at="2017-12-20T09:03:40Z">
          <reporter-output>
          </reporter-output>
        </test-method> <!-- gettest -->
      </class> <!-- com.selenium.Webdriver.GetAllLinksTest -->
    </test> <!-- Default test -->
  </suite> <!-- Default suite -->
</testng-results>
