<?xml version="1.0" encoding="UTF-8"?>
<!-- Generated by org.testng.reporters.JUnitXMLReporter -->
<testsuite hostname="Sunil" name="Command line test" tests="2" failures="0" timestamp="4 Oct 2017 03:57:31 GMT" time="29.007" errors="0">
  <testcase name="gettest" time="28.986" classname="com.selenium.Webdriver.GetAllLinksTest"/>
  <testcase name="someTest2" time="0.004" classname="com.selenium.Webdriver.dataproviderTests.SampleTest">
    <skipped/>
  </testcase> <!-- someTest2 -->
</testsuite> <!-- Command line test -->
