<?xml version="1.0" encoding="UTF-8"?>
<!-- Generated by org.testng.reporters.JUnitXMLReporter -->
<testsuite hostname="Sunil" name="test1" tests="7" failures="0" timestamp="2 Apr 2017 02:46:30 GMT" time="0.049" errors="0">
  <testcase name="someTest" time="0.011" classname="com.selenium.Webdriver.dataproviderTests.SampleTest"/>
  <testcase name="someTest" time="0.001" classname="com.selenium.Webdriver.dataproviderTests.SampleTest"/>
  <testcase name="someTest" time="0.001" classname="com.selenium.Webdriver.dataproviderTests.SampleTest"/>
  <testcase name="someTest" time="0.002" classname="com.selenium.Webdriver.dataproviderTests.SampleTest"/>
  <testcase name="someTest" time="0.001" classname="com.selenium.Webdriver.dataproviderTests.SampleTest"/>
  <testcase name="someTest" time="0.001" classname="com.selenium.Webdriver.dataproviderTests.SampleTest"/>
  <testcase name="someTest2" time="0.001" classname="com.selenium.Webdriver.dataproviderTests.SampleTest">
    <skipped/>
  </testcase> <!-- someTest2 -->
</testsuite> <!-- test1 -->
