<?xml version="1.0" encoding="UTF-8"?>
<testng-results skipped="0" failed="0" total="1" passed="1">
  <reporter-output>
  </reporter-output>
  <suite name="Command line suite" duration-ms="106" started-at="2017-10-04T03:57:31Z" finished-at="2017-10-04T03:57:31Z">
    <groups>
    </groups>
    <test name="Command line test" duration-ms="106" started-at="2017-10-04T03:57:31Z" finished-at="2017-10-04T03:57:31Z">
      <class name="com.selenium.Webdriver.AppTest">
        <test-method status="PASS" signature="testApp()[pri:0, instance:testApp(com.selenium.Webdriver.AppTest)]" name="testApp" duration-ms="4" started-at="2017-10-04T09:27:31Z" finished-at="2017-10-04T09:27:31Z">
          <reporter-output>
          </reporter-output>
        </test-method> <!-- testApp -->
      </class> <!-- com.selenium.Webdriver.AppTest -->
    </test> <!-- Command line test -->
  </suite> <!-- Command line suite -->
</testng-results>
