<?xml version="1.0" encoding="UTF-8"?>
<!-- Generated by org.testng.reporters.JUnitXMLReporter -->
<testsuite hostname="Sunil" name="Default test" tests="3" failures="0" timestamp="7 Jul 2017 02:51:26 GMT" time="0.085" errors="0">
  <testcase name="testA" time="0.007" classname="com.org.readingData.TestB"/>
  <testcase name="testA" time="0.001" classname="com.org.readingData.TestB"/>
  <testcase name="testA" time="0.001" classname="com.org.readingData.TestB"/>
</testsuite> <!-- Default test -->
