<?xml version="1.0" encoding="UTF-8"?>
<testng-results skipped="0" failed="0" total="1" passed="1">
  <reporter-output>
  </reporter-output>
  <suite name="Default suite" duration-ms="2322" started-at="2017-08-26T18:08:16Z" finished-at="2017-08-26T18:08:18Z">
    <groups>
    </groups>
    <test name="Default test" duration-ms="2322" started-at="2017-08-26T18:08:16Z" finished-at="2017-08-26T18:08:18Z">
      <class name="com.org.APITest.Test_VerifyResponse">
        <test-method status="PASS" signature="testBodyParameterInResponse()[pri:0, instance:com.org.APITest.Test_VerifyResponse@34033bd0]" name="testBodyParameterInResponse" duration-ms="2306" started-at="2017-08-26T23:38:16Z" finished-at="2017-08-26T23:38:18Z">
          <reporter-output>
          </reporter-output>
        </test-method> <!-- testBodyParameterInResponse -->
      </class> <!-- com.org.APITest.Test_VerifyResponse -->
    </test> <!-- Default test -->
  </suite> <!-- Default suite -->
</testng-results>
