<?xml version="1.0" encoding="UTF-8"?>
<testng-results skipped="0" failed="0" total="1" passed="1">
  <reporter-output>
  </reporter-output>
  <suite name="Default suite" duration-ms="42" started-at="2018-05-28T04:30:10Z" finished-at="2018-05-28T04:30:10Z">
    <groups>
    </groups>
    <test name="Default test" duration-ms="42" started-at="2018-05-28T04:30:10Z" finished-at="2018-05-28T04:30:10Z">
      <class name="tutorial.uploadFiles.UploadFileEx">
        <test-method status="PASS" signature="uploadFileExample()[pri:0, instance:tutorial.uploadFiles.UploadFileEx@34340fab]" name="uploadFileExample" duration-ms="21" started-at="2018-05-28T10:00:10Z" finished-at="2018-05-28T10:00:10Z">
          <reporter-output>
          </reporter-output>
        </test-method> <!-- uploadFileExample -->
      </class> <!-- tutorial.uploadFiles.UploadFileEx -->
    </test> <!-- Default test -->
  </suite> <!-- Default suite -->
</testng-results>
