<?xml version="1.0" encoding="UTF-8"?>
<testng-results skipped="0" failed="0" total="1" passed="1">
  <reporter-output>
  </reporter-output>
  <suite name="Default suite" duration-ms="1749" started-at="2018-05-17T04:01:00Z" finished-at="2018-05-17T04:01:01Z">
    <groups>
    </groups>
    <test name="Default test" duration-ms="1749" started-at="2018-05-17T04:01:00Z" finished-at="2018-05-17T04:01:01Z">
      <class name="com.org.POMPageFactory.testcases.LoginTest">
        <test-method status="PASS" signature="loginTest()[pri:0, instance:com.org.POMPageFactory.testcases.LoginTest@5ba23b66]" name="loginTest" duration-ms="1733" started-at="2018-05-17T09:31:00Z" finished-at="2018-05-17T09:31:01Z">
          <reporter-output>
          </reporter-output>
        </test-method> <!-- loginTest -->
      </class> <!-- com.org.POMPageFactory.testcases.LoginTest -->
    </test> <!-- Default test -->
  </suite> <!-- Default suite -->
</testng-results>
