<?xml version="1.0" encoding="UTF-8" ?>
<testsuite tests="3" failures="0" name="TestSuite" time="57.983" errors="0" skipped="1">
  <properties>
[...]
</properties>
  <testcase classname="com.selenium.Webdriver.GetAllLinksTest" name="gettest" time="28.986"/>
  <testcase classname="com.selenium.Webdriver.dataproviderTests.SampleTest" name="someTest2" time="28.992">
    <skipped/>
  </testcase>
  <testcase classname="com.selenium.Webdriver.AppTest" name="testApp on testApp(com.selenium.Webdriver.AppTest)" time="0.005"/>
</testsuite>