<?xml version="1.0" encoding="UTF-8"?>
<!-- Generated by org.testng.reporters.JUnitXMLReporter -->
<testsuite hostname="Sunil" name="Bing Test" tests="1" failures="1" timestamp="13 Jul 2017 03:20:17 GMT" time="9.193" errors="0">
  <testcase name="bingSearch" time="8.7" classname="com.org.hybrid.testcases.BingTest">
    <failure type="java.lang.AssertionError" message="&amp;gt;&amp;gt;&amp;gt; Filure in getting the Driver &amp;quot;Elements&amp;quot;:  [FFFbingSearchBt_xpath] &amp;lt;&amp;lt;&amp;lt;Exception From By_identifierType method because of the identifier: [FFFbingSearchBt_xpath] Exception: Cannot find elements when the XPath expression is null.">
      <![CDATA[java.lang.AssertionError: >>> Filure in getting the Driver "Elements":  [FFFbingSearchBt_xpath] <<<Exception From By_identifierType method because of the identifier: [FFFbingSearchBt_xpath] Exception: Cannot find elements when the XPath expression is null.
	at com.org.hybrid.GenericKeywords.reportFail(GenericKeywords.java:194)
	at com.org.hybrid.GenericKeywords.getDriverElements(GenericKeywords.java:128)
	at com.org.hybrid.GenericKeywords.isElelementPresent(GenericKeywords.java:245)
	at com.org.hybrid.GenericKeywords.verifyElementPresent(GenericKeywords.java:290)
	at com.org.hybrid.Keywords.executeKeywords(Keywords.java:75)
	at com.org.hybrid.testcases.BingTest.bingSearch(BingTest.java:35)
... Removed 26 stack frames]]>
    </failure>
  </testcase> <!-- bingSearch -->
</testsuite> <!-- Bing Test -->
