<?xml version="1.0" encoding="UTF-8"?>
<!-- Generated by org.testng.reporters.JUnitXMLReporter -->
<testsuite hostname="Sunil" name="Test1" tests="5" failures="0" timestamp="23 Sep 2017 17:45:28 GMT" time="1.304" errors="0">
  <testcase name="test1A on [Test1 passed=0 failed=0 skipped=0]" time="0.006" classname="com.org.parallel.Test1"/>
  <testcase name="test1B on [Test1 passed=0 failed=0 skipped=0]" time="0.001" classname="com.org.parallel.Test1"/>
  <testcase name="test1C on [Test1 passed=0 failed=0 skipped=0]" time="0.001" classname="com.org.parallel.Test1"/>
  <testcase name="test1D on [Test1 passed=0 failed=0 skipped=0]" time="0.001" classname="com.org.parallel.Test1"/>
  <testcase name="test1E on [Test1 passed=0 failed=0 skipped=0]" time="0.001" classname="com.org.parallel.Test1"/>
</testsuite> <!-- Test1 -->
