<?xml version="1.0" encoding="UTF-8"?>
<!-- Generated by org.testng.reporters.JUnitXMLReporter -->
<testsuite hostname="Sunil" name="Test3" tests="5" failures="0" timestamp="23 Sep 2017 17:45:28 GMT" time="1.236" errors="0">
  <testcase name="test3A on [Test3 passed=0 failed=0 skipped=0]" time="0.005" classname="com.org.parallel.Test3"/>
  <testcase name="test3B on [Test3 passed=0 failed=0 skipped=0]" time="0.001" classname="com.org.parallel.Test3"/>
  <testcase name="test3C on [Test3 passed=0 failed=0 skipped=0]" time="0.001" classname="com.org.parallel.Test3"/>
  <testcase name="test3D on [Test3 passed=0 failed=0 skipped=0]" time="0.001" classname="com.org.parallel.Test3"/>
  <testcase name="test3E on [Test3 passed=0 failed=0 skipped=0]" time="0.001" classname="com.org.parallel.Test3"/>
</testsuite> <!-- Test3 -->
