<?xml version="1.0" encoding="UTF-8"?>
<!-- Generated by org.testng.reporters.JUnitXMLReporter -->
<testsuite hostname="Sunil" name="Test2" tests="5" failures="0" timestamp="23 Sep 2017 17:45:28 GMT" time="1.174" errors="0">
  <testcase name="test2A on [Test2 passed=0 failed=0 skipped=0]" time="0.005" classname="com.org.parallel.Test2"/>
  <testcase name="test2B on [Test2 passed=0 failed=0 skipped=0]" time="0.002" classname="com.org.parallel.Test2"/>
  <testcase name="test2C on [Test2 passed=0 failed=0 skipped=0]" time="0.002" classname="com.org.parallel.Test2"/>
  <testcase name="test2D on [Test2 passed=0 failed=0 skipped=0]" time="0.007" classname="com.org.parallel.Test2"/>
  <testcase name="test2E on [Test2 passed=0 failed=0 skipped=0]" time="0.006" classname="com.org.parallel.Test2"/>
</testsuite> <!-- Test2 -->
